<?xml version="1.0" encoding="UTF-8"?>
<!-- Generated by org.testng.reporters.JUnitReportReporter -->
<testsuite hostname="EXPLPT320" failures="0" tests="1" name="com.flipkartProject.testClass.TestClass" time="24.093" errors="0" timestamp="2022-12-14T11:06:00 IST" skipped="0">
  <testcase classname="com.flipkartProject.testClass.TestClass" name="removeItemValidation" time="24.093"/>
  <system-out/>
</testsuite> <!-- com.flipkartProject.testClass.TestClass -->
