<?xml version="1.0" encoding="UTF-8"?>
<!-- Generated by org.testng.reporters.JUnitReportReporter -->
<testsuite hostname="EXPLPT320" failures="0" tests="1" name="com.flipkartProject.testClass.FashionPageTest" time="175.669" errors="0" timestamp="2022-12-21T20:09:25 IST" skipped="0">
  <testcase classname="com.flipkartProject.testClass.FashionPageTest" name="fashionValidation" time="175.669"/>
  <system-out/>
</testsuite> <!-- com.flipkartProject.testClass.FashionPageTest -->
