<?xml version="1.0" encoding="UTF-8"?>
<!-- Generated by org.testng.reporters.JUnitReportReporter -->
<testsuite hostname="EXPLPT320" failures="0" tests="1" name="com.flipkartProject.testClass.TravelPageTest" time="103.704" errors="0" timestamp="2022-12-21T12:32:32 IST" skipped="0">
  <testcase classname="com.flipkartProject.testClass.TravelPageTest" name="travelValidation" time="103.704"/>
  <system-out/>
</testsuite> <!-- com.flipkartProject.testClass.TravelPageTest -->
