<?xml version="1.0" encoding="UTF-8"?>
<!-- Generated by org.testng.reporters.JUnitReportReporter -->
<testsuite hostname="EXPLPT320" failures="0" tests="1" name="com.flipkartProject.testClass.HomePageTest" time="29.022" errors="0" timestamp="2022-12-21T11:49:59 IST" skipped="0">
  <testcase classname="com.flipkartProject.testClass.HomePageTest" name="testDate" time="29.022"/>
  <system-out/>
</testsuite> <!-- com.flipkartProject.testClass.HomePageTest -->
