<?xml version="1.0" encoding="UTF-8"?>
<!-- Generated by org.testng.reporters.JUnitReportReporter -->
<testsuite hostname="EXPLPT320" failures="0" tests="1" name="com.flipkartProject.testClass.MutipleProfilesPageTest" time="2.258" errors="0" timestamp="2022-12-02T14:25:21 IST" skipped="0">
  <testcase classname="com.flipkartProject.testClass.MutipleProfilesPageTest" name="testPofile" time="2.258"/>
  <system-out/>
</testsuite> <!-- com.flipkartProject.testClass.MutipleProfilesPageTest -->
