<?xml version="1.0" encoding="UTF-8"?>
<!-- Generated by org.testng.reporters.JUnitReportReporter -->
<testsuite hostname="EXPLPT320" failures="0" tests="1" name="com.calender.testClass.calender.TestCalender" time="14.429" errors="0" timestamp="2022-11-08T15:26:48 IST" skipped="0">
  <testcase classname="com.calender.testClass.calender.TestCalender" name="dateTest" time="14.429"/>
  <system-out/>
</testsuite> <!-- com.calender.testClass.calender.TestCalender -->
