<?xml version="1.0" encoding="UTF-8"?>
<!-- Generated by org.testng.reporters.JUnitReportReporter -->
<testsuite hostname="EXPLPT320" failures="0" tests="1" name="com.flipkartProject.testClass.MobilesProductPageTest" time="46.926" errors="0" timestamp="2022-12-22T16:30:30 IST" skipped="0">
  <testcase classname="com.flipkartProject.testClass.MobilesProductPageTest" name="mobilesValidation" time="46.926"/>
  <system-out/>
</testsuite> <!-- com.flipkartProject.testClass.MobilesProductPageTest -->
