<?xml version="1.0" encoding="UTF-8"?>
<!-- Generated by org.testng.reporters.JUnitReportReporter -->
<testsuite hostname="EXPLPT320" failures="0" tests="1" name="com.flipkartProject.testClass.AppliancesPageTest" time="63.687" errors="0" timestamp="2022-12-21T17:03:45 IST" skipped="0">
  <testcase classname="com.flipkartProject.testClass.AppliancesPageTest" name="apppliancesValidation" time="63.687"/>
  <system-out/>
</testsuite> <!-- com.flipkartProject.testClass.AppliancesPageTest -->
