<?xml version="1.0" encoding="UTF-8"?>
<!-- Generated by org.testng.reporters.JUnitReportReporter -->
<testsuite hostname="EXPLPT320" failures="0" tests="1" name="com.flipkartProject.testClass.MoreOptionPageTest" time="72.655" errors="0" timestamp="2022-12-23T14:51:31 IST" skipped="0">
  <testcase classname="com.flipkartProject.testClass.MoreOptionPageTest" name="fashionValidation" time="72.655"/>
  <system-out/>
</testsuite> <!-- com.flipkartProject.testClass.MoreOptionPageTest -->
