<?xml version="1.0" encoding="UTF-8"?>
<!-- Generated by org.testng.reporters.JUnitReportReporter -->
<testsuite hostname="EXPLPT320" failures="0" tests="1" name="com.flipkartProject.testClass.MoreOptionPageTest" time="75.676" errors="0" timestamp="2022-12-27T10:48:10 IST" skipped="0">
  <testcase classname="com.flipkartProject.testClass.MoreOptionPageTest" name="fashionValidation" time="75.676"/>
  <system-out/>
</testsuite> <!-- com.flipkartProject.testClass.MoreOptionPageTest -->
