<?xml version="1.0" encoding="UTF-8"?>
<!-- Generated by org.testng.reporters.JUnitReportReporter -->
<testsuite hostname="EXPLPT320" failures="0" tests="1" name="com.flipkartProject.testClass.RemoveItemFromCartPageTest" time="71.840" errors="0" timestamp="2022-12-21T12:34:51 IST" skipped="0">
  <testcase classname="com.flipkartProject.testClass.RemoveItemFromCartPageTest" name="removeItemValidation" time="71.840"/>
  <system-out/>
</testsuite> <!-- com.flipkartProject.testClass.RemoveItemFromCartPageTest -->
