<?xml version="1.0" encoding="UTF-8"?>
<!-- Generated by org.testng.reporters.JUnitReportReporter -->
<testsuite hostname="EXPLPT320" failures="0" tests="1" name="com.flipkartProject.testClass.ProductPageTest" time="83.439" errors="0" timestamp="2022-12-21T11:49:59 IST" skipped="0">
  <testcase classname="com.flipkartProject.testClass.ProductPageTest" name="productValidation" time="83.439"/>
  <system-out/>
</testsuite> <!-- com.flipkartProject.testClass.ProductPageTest -->
